
ROM used:   9430/16384 (58%)
            9430/16384 (58%) including unused fragments

            2.3 Average locations per line
            11.5 Average locations per statement

RAM used:   71/768 (9%) at main() level
            137/768 (18%) worst case

Stack used: 5 worst case (4 in main + 1 for interrupts)
Stack size: 31

Lines Stmts  %   Files
----- ----- ---  -----
  209    62   8  main.c
  753     0   0  C:\Program Files (x86)\PICCV5025\Devices\18F2480.h
  465   137  17  C:\Program Files (x86)\PICCV5025\Drivers\can-18xxx8.c
  377     0   0  C:\Program Files (x86)\PICCV5025\Drivers\can-18xxx8.h
  250    75   9  MAX31855.c
 1351   359  44  C:\Program Files (x86)\PICCV5025\Drivers\stdlib.h
   32     0   0  C:\Program Files (x86)\PICCV5025\Drivers\stddef.h
  423   125  15  C:\Program Files (x86)\PICCV5025\Drivers\string.h
   28     0   0  C:\Program Files (x86)\PICCV5025\Drivers\ctype.h
  137    63   8  LCD_TM.c
----- -----
 4025   821 Total

Page ROM  %  RAM    Vol Diff  Functions:
---- --- --- ---    --- ----  ----------
0     38   0    1             @delay_ms1
0    220   1    1   1216  5.3  can_init
0     48   0    0    255  2.3  can_set_baud
0     34   0    2     76  3.1  can_set_mode
0    304   2   13   1128  6.5  can_set_id
0    482   3   14    762  9.7  can_get_id
0    206   1   17   1074  8.6  can_putd
 Inline        14   1631  7.0  can_getd
0     60   0    5    380  1.9  @SPI_XFER_1
0    314   2    0    682  6.9  @const881
0    314   2    0             @const884
0    114   1    0    391  2.8  readMAX
0    110   1    3    419  5.2  tempFault
0    254   1   10    431  7.3  readExtTemp
0     54   0    2    290  3.7  @ITOF
0    346   2   14     48  1.1  @DIVFF
0    242   1   11    163  3.1  @MULFF
0    280   1   10    431  7.3  readIntTemp
0    632   3   18    927  8.6  PreFilter
0    618   3   16             @ADDFF
0    118   1   10             @FLT
0    580   3   19    770  9.2  Linearized_TC
0     20   0    0             @const1190
0     52   0    1    212  1.8  make_out_data
0     36   0    1     98  1.3  lcd_send_nibble
0     76   0    3    221  2.9  lcd_send_byte
0     74   0    2    328  4.2  lcd_init
0     58   0    4    354  6.0  lcd_gotoxy
0     34   0    0             @goto12103
0     74   0    1    272  4.1  lcd_putc
0     12   0    0     17  1.3  isr_timer2
0   1680   9   34   3678  9.8  MAIN
0     36   0    0             @const1245
0     34   0    2             @PSTRINGC_38400_31766_31767
0     14   0    0             @const1247
0     56   0    0             @const1248
0     32   0    3             @PSTRINGCN_38400_31766_31767
0     66   0    2             @PRINTF_X_38400_31766_31767
0     34   0    0             @const1254
0     62   0    5             @FTOSD
0    142   1   13             @DIV3232
0    386   2   13             @PRINTF_L32D_38400_31766_31767FPFPF
0    380   2   13             @PRINTF_L32D_1207FPFPF
0      8   0    0             @const1267
0     34   0    2             @PSTRINGC_1207
0     38   0    0             @const1269
0     40   0    3             @DIV88
0    108   1    2             @PRINTF_U_38400_31766_31767
0    166   1   12             @PRINTF_L32U_38400_31766_31767
0     30   0    0             @const1278
0     14   0    0             @const1279
0     18   0    0             @const1282
0     26   0    0             @const1283
0     34   0    0             @const1284
0     18   0    0             @const1287
 Inline         0             @cinit1

Program metrics:
    Functions               26
    Statements              821
    Comments                1966
    Volume (V)              27265
    Difficulty (D)          129.6
    Effort to implement (E) 3533697
    Time to implement (T)   54 hours, 32 minutes
    Est Delivered Bugs (B)  8
    Cyclomatic Complexity   37
    Maintainability (MI)    118

 Segment     Used  Free
-----------  ----  ----
00000-00002     4  0  
00004-00006     0  4  
00008-000AC   166  0  
000AE-03FFE  9260  6950  



